<?xml version="1.0" encoding="utf-8"?><testsuite errors="0" failures="0" name="pytest" skips="0" tests="7" time="217.654"><testcase classname="pysilcam.tests.test_background" file="pysilcam\tests\test_background.py" line="6" name="test_background_aquire" time="1.5852041244506836"></testcase><testcase classname="pysilcam.tests.test_config" file="pysilcam\tests\test_config.py" line="5" name="test_config_parser" time="0.0010046958923339844"></testcase><testcase classname="pysilcam.tests.test_config" file="pysilcam\tests\test_config.py" line="19" name="test_settings" time="0.003998756408691406"></testcase><testcase classname="pysilcam.tests.test_process" file="pysilcam\tests\test_process.py" line="7" name="test_csv_file" time="51.74538040161133"><system-out>C:\pysilcam\pysilcam\tests\config.ini
PROCESS MODE

---- CONFIGURATION ----

[General]
version = 2
loglevel = &apos;DEBUG&apos;
logfile = &apos;//sintef.no/mk20/nasgul/Miljoteknologi/MK102013220_SILCAM_IPR_EJD/hello_silcam/unittest_entries/log.log&apos;
datafile = &apos;//sintef.no/mk20/nasgul/Miljoteknologi/MK102013220_SILCAM_IPR_EJD/hello_silcam/unittest_entries&apos;

[Background]
num_images = 5

[Process]
threshold = 0.97
minimum_area = 12.0
max_particles = 5000
min_deformation = 0
max_coverage = 30
max_length = 8000
bad_lighting_limit = 10000

[PostProcess]
pix_size = 14.379084967320262
path_length = 10
window_size = 5

[ExportParticles]
export_images = False
outputpath = &apos;//sintef.no/mk20/nasgul/Miljoteknologi/MK102013220_SILCAM_IPR_EJD/hello_silcam/unittest_entries/export&apos;
min_length = 200

[NNClassify]
model_path = &apos;//sintef.no/mk20/nasgul/Miljoteknologi/MK102013220_SILCAM_IPR_EJD/hello_silcam/model/particle-classifier.tfl&apos;

-----------------------

* Initializing background image handler
* Commencing image acquisition and processing
  Image 0 processed in 0.81 sec (1.2 Hz). 
  Image 1 processed in 0.88 sec (1.1 Hz). 
  Image 2 processed in 0.98 sec (1.0 Hz). 
  Image 3 processed in 0.88 sec (1.1 Hz). 
  Image 4 processed in 0.91 sec (1.1 Hz). 
  FAILED CAPTURE!
  END OF FILE LIST.
</system-out><system-err>INFO:tensorflow:Restoring parameters from //sintef.no/mk20/nasgul/Miljoteknologi/MK102013220_SILCAM_IPR_EJD/hello_silcam/model/particle-classifier.tfl
</system-err></testcase><testcase classname="pysilcam.tests.test_silcam-aquire" file="pysilcam\tests\test_silcam-aquire.py" line="5" name="test_acquire_five_frames" time="7.976500034332275"></testcase><testcase classname="pysilcam.tests.test_standards" file="pysilcam\tests\test_standards.py" line="12" name="test_big_standards" time="68.54080271720886"><system-out>C:\pysilcam\pysilcam\tests\config_glass_standards.ini
PROCESS MODE

---- CONFIGURATION ----

[General]
version = 2
loglevel = &apos;DEBUG&apos;
logfile = &apos;log.log&apos;
datafile = &apos;//sintef.no/mk20/nasgul/Miljoteknologi/MK102013220_SILCAM_IPR_EJD/hello_silcam/unittest_entries/STANDARDS/proc&apos;

[Background]
num_images = 30

[Process]
threshold = 0.8
minimum_area = 12.0
max_particles = 5000
min_deformation = 0
max_coverage = 30
max_length = 3500
bad_lighting_limit = 1000

[PostProcess]
pix_size = 7.189542483660131
path_length = 3.5
window_size = 5

[ExportParticles]
export_images = False
ouputpath = &apos;export&apos;
min_length = 0

[NNClassify]
model_path = &apos;//sintef.no/mk20/nasgul/Miljoteknologi/MK102013220_SILCAM_IPR_EJD/hello_silcam/model/particle-classifier.tfl&apos;

-----------------------

* Initializing background image handler
* Commencing image acquisition and processing
  Image 0 processed in 1.15 sec (0.9 Hz). 
  Image 1 processed in 1.11 sec (0.9 Hz). 
  Image 2 processed in 1.13 sec (0.9 Hz). 
  Image 3 processed in 1.16 sec (0.9 Hz). 
  Image 4 processed in 1.16 sec (0.9 Hz). 
  Image 5 processed in 1.11 sec (0.9 Hz). 
  Image 6 processed in 1.10 sec (0.9 Hz). 
  Image 7 processed in 1.10 sec (0.9 Hz). 
  Image 8 processed in 1.09 sec (0.9 Hz). 
  Image 9 processed in 1.15 sec (0.9 Hz). 
</system-out><system-err>INFO:tensorflow:Restoring parameters from //sintef.no/mk20/nasgul/Miljoteknologi/MK102013220_SILCAM_IPR_EJD/hello_silcam/model/particle-classifier.tfl
</system-err></testcase><testcase classname="pysilcam.tests.test_standards" file="pysilcam\tests\test_standards.py" line="55" name="test_small_standards" time="69.77536273002625"><system-out>C:\pysilcam\pysilcam\tests\config_glass_standards.ini
PROCESS MODE

---- CONFIGURATION ----

[General]
version = 2
loglevel = &apos;DEBUG&apos;
logfile = &apos;log.log&apos;
datafile = &apos;//sintef.no/mk20/nasgul/Miljoteknologi/MK102013220_SILCAM_IPR_EJD/hello_silcam/unittest_entries/STANDARDS/proc&apos;

[Background]
num_images = 30

[Process]
threshold = 0.8
minimum_area = 12.0
max_particles = 5000
min_deformation = 0
max_coverage = 30
max_length = 3500
bad_lighting_limit = 1000

[PostProcess]
pix_size = 7.189542483660131
path_length = 3.5
window_size = 5

[ExportParticles]
export_images = False
ouputpath = &apos;export&apos;
min_length = 0

[NNClassify]
model_path = &apos;//sintef.no/mk20/nasgul/Miljoteknologi/MK102013220_SILCAM_IPR_EJD/hello_silcam/model/particle-classifier.tfl&apos;

-----------------------

* Initializing background image handler
* Commencing image acquisition and processing
  Image 0 processed in 1.03 sec (1.0 Hz). 
  Image 1 processed in 1.05 sec (1.0 Hz). 
  Image 2 processed in 1.07 sec (0.9 Hz). 
  Image 3 processed in 1.12 sec (0.9 Hz). 
  Image 4 processed in 1.28 sec (0.8 Hz). 
  Image 5 processed in 1.25 sec (0.8 Hz). 
  Image 6 processed in 1.28 sec (0.8 Hz). 
  Image 7 processed in 1.33 sec (0.8 Hz). 
  Image 8 processed in 1.61 sec (0.6 Hz). 
  Image 9 processed in 1.35 sec (0.7 Hz). 
</system-out><system-err>INFO:tensorflow:Restoring parameters from //sintef.no/mk20/nasgul/Miljoteknologi/MK102013220_SILCAM_IPR_EJD/hello_silcam/model/particle-classifier.tfl
</system-err></testcase></testsuite>